INFO:scrapy.utils.log:Scrapy 2.11.1 started (bot: scrape_cook_books_dot_com)
INFO:scrapy.utils.log:Versions: lxml 5.2.1.0, libxml2 2.12.6, cssselect 1.2.0, parsel 1.9.1, w3lib 2.1.2, Twisted 24.3.0, Python 3.11.5 (v3.11.5:cce6ba91b3, Aug 24 2023, 10:50:31) [Clang 13.0.0 (clang-1300.0.29.30)], pyOpenSSL 24.1.0 (OpenSSL 3.2.1 30 Jan 2024), cryptography 42.0.7, Platform macOS-14.4.1-arm64-arm-64bit
INFO:scrapy.utils.log:Scrapy 2.11.1 started (bot: scrape_cook_books_dot_com)
INFO:scrapy.utils.log:Versions: lxml 5.2.1.0, libxml2 2.12.6, cssselect 1.2.0, parsel 1.9.1, w3lib 2.1.2, Twisted 24.3.0, Python 3.11.5 (v3.11.5:cce6ba91b3, Aug 24 2023, 10:50:31) [Clang 13.0.0 (clang-1300.0.29.30)], pyOpenSSL 24.1.0 (OpenSSL 3.2.1 30 Jan 2024), cryptography 42.0.7, Platform macOS-14.4.1-arm64-arm-64bit
INFO:scrapy.addons:Enabled addons:
[]
DEBUG:asyncio:Using selector: KqueueSelector
DEBUG:scrapy.utils.log:Using reactor: twisted.internet.asyncioreactor.AsyncioSelectorReactor
DEBUG:scrapy.utils.log:Using asyncio event loop: asyncio.unix_events._UnixSelectorEventLoop
INFO:scrapy.extensions.telnet:Telnet Password: ba240763db64f1d7
INFO:scrapy.middleware:Enabled extensions:
['scrapy.extensions.corestats.CoreStats',
 'scrapy.extensions.telnet.TelnetConsole',
 'scrapy.extensions.memusage.MemoryUsage',
 'scrapy.extensions.logstats.LogStats']
INFO:scrapy.crawler:Overridden settings:
{'BOT_NAME': 'scrape_cook_books_dot_com',
 'CONCURRENT_REQUESTS': 32,
 'CONCURRENT_REQUESTS_PER_DOMAIN': 32,
 'FEED_EXPORT_ENCODING': 'utf-8',
 'NEWSPIDER_MODULE': 'scrape_cook_books_dot_com.spiders',
 'REQUEST_FINGERPRINTER_IMPLEMENTATION': '2.7',
 'ROBOTSTXT_OBEY': True,
 'SPIDER_MODULES': ['scrape_cook_books_dot_com.spiders'],
 'TWISTED_REACTOR': 'twisted.internet.asyncioreactor.AsyncioSelectorReactor'}
INFO:scrapy.middleware:Enabled downloader middlewares:
['scrapy.downloadermiddlewares.robotstxt.RobotsTxtMiddleware',
 'scrapy.downloadermiddlewares.httpauth.HttpAuthMiddleware',
 'scrapy.downloadermiddlewares.downloadtimeout.DownloadTimeoutMiddleware',
 'scrapy.downloadermiddlewares.defaultheaders.DefaultHeadersMiddleware',
 'scrapy.downloadermiddlewares.useragent.UserAgentMiddleware',
 'scrapy.downloadermiddlewares.retry.RetryMiddleware',
 'scrapy.downloadermiddlewares.redirect.MetaRefreshMiddleware',
 'scrapy.downloadermiddlewares.httpcompression.HttpCompressionMiddleware',
 'scrapy.downloadermiddlewares.redirect.RedirectMiddleware',
 'scrapy.downloadermiddlewares.cookies.CookiesMiddleware',
 'scrapy.downloadermiddlewares.httpproxy.HttpProxyMiddleware',
 'scrapy.downloadermiddlewares.stats.DownloaderStats']
INFO:scrapy.middleware:Enabled spider middlewares:
['scrapy.spidermiddlewares.httperror.HttpErrorMiddleware',
 'scrapy.spidermiddlewares.offsite.OffsiteMiddleware',
 'scrapy.spidermiddlewares.referer.RefererMiddleware',
 'scrapy.spidermiddlewares.urllength.UrlLengthMiddleware',
 'scrapy.spidermiddlewares.depth.DepthMiddleware']
INFO:scrapy.middleware:Enabled item pipelines:
[]
INFO:scrapy.core.engine:Spider opened
INFO:scrapy.extensions.logstats:Crawled 0 pages (at 0 pages/min), scraped 0 items (at 0 items/min)
INFO:scrapy.extensions.telnet:Telnet console listening on 127.0.0.1:6024
DEBUG:scrapy.core.engine:Crawled (404) <GET https://cookbooks.com/robots.txt> (referer: None)
DEBUG:protego:Rule at line 1 without any user agent to enforce it on.
DEBUG:protego:Rule at line 2 without any user agent to enforce it on.
DEBUG:protego:Rule at line 8 without any user agent to enforce it on.
DEBUG:protego:Rule at line 9 without any user agent to enforce it on.
DEBUG:protego:Rule at line 10 without any user agent to enforce it on.
DEBUG:protego:Rule at line 11 without any user agent to enforce it on.
DEBUG:protego:Rule at line 12 without any user agent to enforce it on.
DEBUG:scrapy.core.engine:Crawled (200) <GET https://cookbooks.com/Recipe-Details.aspx?id=1> (referer: None)
ERROR:scrapy.core.scraper:Spider error processing <GET https://cookbooks.com/Recipe-Details.aspx?id=1> (referer: None)
Traceback (most recent call last):
  File "/Users/markscharmann/PycharmProjects/ScrapeCookbooksDotCom/.venv/lib/python3.11/site-packages/itemloaders/__init__.py", line 311, in _process_input_value
    return proc(value)
           ^^^^^^^^^^^
  File "/Users/markscharmann/PycharmProjects/ScrapeCookbooksDotCom/scrape_cook_books_dot_com/items.py", line 22, in get_stars
    star_rating = rating_section.split("</strong>")[0].split("<strong>")[1]
                  ^^^^^^^^^^^^^^^^^^^^
AttributeError: 'list' object has no attribute 'split'

The above exception was the direct cause of the following exception:

Traceback (most recent call last):
  File "/Users/markscharmann/PycharmProjects/ScrapeCookbooksDotCom/.venv/lib/python3.11/site-packages/twisted/internet/defer.py", line 1078, in _runCallbacks
    current.result = callback(  # type: ignore[misc]
                     ^^^^^^^^^^^^^^^^^^^^^^^^^^^^^^^
  File "/Users/markscharmann/PycharmProjects/ScrapeCookbooksDotCom/.venv/lib/python3.11/site-packages/scrapy/spiders/__init__.py", line 79, in _parse
    return self.parse(response, **kwargs)
           ^^^^^^^^^^^^^^^^^^^^^^^^^^^^^^
  File "/Users/markscharmann/PycharmProjects/ScrapeCookbooksDotCom/scrape_cook_books_dot_com/spiders/scrapecookbooksdotcom.py", line 47, in parse
    item.add_xpath("star_rating", '//div[@id="star-rating"]')
  File "/Users/markscharmann/PycharmProjects/ScrapeCookbooksDotCom/.venv/lib/python3.11/site-packages/itemloaders/__init__.py", line 352, in add_xpath
    self.add_value(field_name, values, *processors, re=re, **kw)
  File "/Users/markscharmann/PycharmProjects/ScrapeCookbooksDotCom/.venv/lib/python3.11/site-packages/itemloaders/__init__.py", line 187, in add_value
    self._add_value(field_name, value)
  File "/Users/markscharmann/PycharmProjects/ScrapeCookbooksDotCom/.venv/lib/python3.11/site-packages/itemloaders/__init__.py", line 205, in _add_value
    processed_value = self._process_input_value(field_name, value)
                      ^^^^^^^^^^^^^^^^^^^^^^^^^^^^^^^^^^^^^^^^^^^^
  File "/Users/markscharmann/PycharmProjects/ScrapeCookbooksDotCom/.venv/lib/python3.11/site-packages/itemloaders/__init__.py", line 313, in _process_input_value
    raise ValueError(
ValueError: Error with input processor function: field='star_rating' value=['<div id="star-rating"><ul>\r\n<li class="current-rating" style="width:45px;">Currently 3/5 Stars.</li>\r\n<li><a href="?id=1?rating=1#star-rating" onclick="fAJAXRequest(\'star-rating\',\'service/RecipeRating.aspx?rating=1&amp;id=1\',\'nocache\',\'\',\'\'); return false;" title="Rate this 1 stars out of 5" class="star-1">1</a></li>\r\n<li><a href="?id=1?rating=2#star-rating" onclick="fAJAXRequest(\'star-rating\',\'service/RecipeRating.aspx?rating=2&amp;id=1\',\'nocache\',\'\',\'\'); return false;" title="Rate this 2 stars out of 5" class="star-2">2</a></li>\r\n<li><a href="?id=1?rating=3#star-rating" onclick="fAJAXRequest(\'star-rating\',\'service/RecipeRating.aspx?rating=3&amp;id=1\',\'nocache\',\'\',\'\'); return false;" title="Rate this 3 stars out of 5" class="star-3">3</a></li>\r\n<li><a href="?id=1?rating=4#star-rating" onclick="fAJAXRequest(\'star-rating\',\'service/RecipeRating.aspx?rating=4&amp;id=1\',\'nocache\',\'\',\'\'); return false;" title="Rate this 4 stars out of 5" class="star-4">4</a></li>\r\n<li><a href="?id=1?rating=5#star-rating" onclick="fAJAXRequest(\'star-rating\',\'service/RecipeRating.aspx?rating=5&amp;id=1\',\'nocache\',\'\',\'\'); return false;" title="Rate this 5 stars out of 5" class="star-5">5</a></li>\r\n</ul>Rated <strong>3</strong>/5 stars (1094 votes casted)\r\n</div>'] error='AttributeError: 'list' object has no attribute 'split''
INFO:scrapy.core.engine:Closing spider (finished)
INFO:scrapy.statscollectors:Dumping Scrapy stats:
{'downloader/request_bytes': 462,
 'downloader/request_count': 2,
 'downloader/request_method_count/GET': 2,
 'downloader/response_bytes': 71270,
 'downloader/response_count': 2,
 'downloader/response_status_count/200': 1,
 'downloader/response_status_count/404': 1,
 'elapsed_time_seconds': 1.543358,
 'finish_reason': 'finished',
 'finish_time': datetime.datetime(2024, 5, 13, 9, 24, 59, 753599, tzinfo=datetime.timezone.utc),
 'log_count/DEBUG': 12,
 'log_count/ERROR': 1,
 'log_count/INFO': 10,
 'memusage/max': 67649536,
 'memusage/startup': 67649536,
 'response_received_count': 2,
 'robotstxt/request_count': 1,
 'robotstxt/response_count': 1,
 'robotstxt/response_status_count/404': 1,
 'scheduler/dequeued': 1,
 'scheduler/dequeued/memory': 1,
 'scheduler/enqueued': 1,
 'scheduler/enqueued/memory': 1,
 'spider_exceptions/ValueError': 1,
 'start_time': datetime.datetime(2024, 5, 13, 9, 24, 58, 210241, tzinfo=datetime.timezone.utc)}
INFO:scrapy.core.engine:Spider closed (finished)
INFO:scrapy.utils.log:Scrapy 2.11.1 started (bot: scrape_cook_books_dot_com)
INFO:scrapy.utils.log:Versions: lxml 5.2.1.0, libxml2 2.12.6, cssselect 1.2.0, parsel 1.9.1, w3lib 2.1.2, Twisted 24.3.0, Python 3.11.5 (v3.11.5:cce6ba91b3, Aug 24 2023, 10:50:31) [Clang 13.0.0 (clang-1300.0.29.30)], pyOpenSSL 24.1.0 (OpenSSL 3.2.1 30 Jan 2024), cryptography 42.0.7, Platform macOS-14.4.1-arm64-arm-64bit
INFO:scrapy.addons:Enabled addons:
[]
DEBUG:asyncio:Using selector: KqueueSelector
DEBUG:scrapy.utils.log:Using reactor: twisted.internet.asyncioreactor.AsyncioSelectorReactor
DEBUG:scrapy.utils.log:Using asyncio event loop: asyncio.unix_events._UnixSelectorEventLoop
INFO:scrapy.extensions.telnet:Telnet Password: a4381845bea03f73
INFO:scrapy.middleware:Enabled extensions:
['scrapy.extensions.corestats.CoreStats',
 'scrapy.extensions.telnet.TelnetConsole',
 'scrapy.extensions.memusage.MemoryUsage',
 'scrapy.extensions.feedexport.FeedExporter',
 'scrapy.extensions.logstats.LogStats']
INFO:scrapy.crawler:Overridden settings:
{'BOT_NAME': 'scrape_cook_books_dot_com',
 'CONCURRENT_REQUESTS': 32,
 'CONCURRENT_REQUESTS_PER_DOMAIN': 32,
 'FEED_EXPORT_ENCODING': 'utf-8',
 'NEWSPIDER_MODULE': 'scrape_cook_books_dot_com.spiders',
 'REQUEST_FINGERPRINTER_IMPLEMENTATION': '2.7',
 'ROBOTSTXT_OBEY': True,
 'SPIDER_MODULES': ['scrape_cook_books_dot_com.spiders'],
 'TWISTED_REACTOR': 'twisted.internet.asyncioreactor.AsyncioSelectorReactor'}
INFO:scrapy.middleware:Enabled downloader middlewares:
['scrapy.downloadermiddlewares.robotstxt.RobotsTxtMiddleware',
 'scrapy.downloadermiddlewares.httpauth.HttpAuthMiddleware',
 'scrapy.downloadermiddlewares.downloadtimeout.DownloadTimeoutMiddleware',
 'scrapy.downloadermiddlewares.defaultheaders.DefaultHeadersMiddleware',
 'scrapy.downloadermiddlewares.useragent.UserAgentMiddleware',
 'scrapy.downloadermiddlewares.retry.RetryMiddleware',
 'scrapy.downloadermiddlewares.redirect.MetaRefreshMiddleware',
 'scrapy.downloadermiddlewares.httpcompression.HttpCompressionMiddleware',
 'scrapy.downloadermiddlewares.redirect.RedirectMiddleware',
 'scrapy.downloadermiddlewares.cookies.CookiesMiddleware',
 'scrapy.downloadermiddlewares.httpproxy.HttpProxyMiddleware',
 'scrapy.downloadermiddlewares.stats.DownloaderStats']
INFO:scrapy.middleware:Enabled spider middlewares:
['scrapy.spidermiddlewares.httperror.HttpErrorMiddleware',
 'scrapy.spidermiddlewares.offsite.OffsiteMiddleware',
 'scrapy.spidermiddlewares.referer.RefererMiddleware',
 'scrapy.spidermiddlewares.urllength.UrlLengthMiddleware',
 'scrapy.spidermiddlewares.depth.DepthMiddleware']
INFO:scrapy.middleware:Enabled item pipelines:
[]
INFO:scrapy.core.engine:Spider opened
INFO:scrapy.extensions.logstats:Crawled 0 pages (at 0 pages/min), scraped 0 items (at 0 items/min)
INFO:scrapy.extensions.telnet:Telnet console listening on 127.0.0.1:6024
DEBUG:scrapy.core.engine:Crawled (404) <GET https://cookbooks.com/robots.txt> (referer: None)
DEBUG:protego:Rule at line 1 without any user agent to enforce it on.
DEBUG:protego:Rule at line 2 without any user agent to enforce it on.
DEBUG:protego:Rule at line 8 without any user agent to enforce it on.
DEBUG:protego:Rule at line 9 without any user agent to enforce it on.
DEBUG:protego:Rule at line 10 without any user agent to enforce it on.
DEBUG:protego:Rule at line 11 without any user agent to enforce it on.
DEBUG:protego:Rule at line 12 without any user agent to enforce it on.
DEBUG:scrapy.core.engine:Crawled (200) <GET https://cookbooks.com/Recipe-Details.aspx?id=1> (referer: None)
ERROR:scrapy.core.scraper:Spider error processing <GET https://cookbooks.com/Recipe-Details.aspx?id=1> (referer: None)
Traceback (most recent call last):
  File "/Users/markscharmann/PycharmProjects/ScrapeCookbooksDotCom/.venv/lib/python3.11/site-packages/itemloaders/__init__.py", line 311, in _process_input_value
    return proc(value)
           ^^^^^^^^^^^
  File "/Users/markscharmann/PycharmProjects/ScrapeCookbooksDotCom/scrape_cook_books_dot_com/items.py", line 22, in get_stars
    star_rating = rating_section.split("</strong>")[0].split("<strong>")[1]
                  ^^^^^^^^^^^^^^^^^^^^
AttributeError: 'list' object has no attribute 'split'

The above exception was the direct cause of the following exception:

Traceback (most recent call last):
  File "/Users/markscharmann/PycharmProjects/ScrapeCookbooksDotCom/.venv/lib/python3.11/site-packages/twisted/internet/defer.py", line 1078, in _runCallbacks
    current.result = callback(  # type: ignore[misc]
                     ^^^^^^^^^^^^^^^^^^^^^^^^^^^^^^^
  File "/Users/markscharmann/PycharmProjects/ScrapeCookbooksDotCom/.venv/lib/python3.11/site-packages/scrapy/spiders/__init__.py", line 79, in _parse
    return self.parse(response, **kwargs)
           ^^^^^^^^^^^^^^^^^^^^^^^^^^^^^^
  File "/Users/markscharmann/PycharmProjects/ScrapeCookbooksDotCom/scrape_cook_books_dot_com/spiders/scrapecookbooksdotcom.py", line 47, in parse
    item.add_xpath("star_rating", '//div[@id="star-rating"]')
  File "/Users/markscharmann/PycharmProjects/ScrapeCookbooksDotCom/.venv/lib/python3.11/site-packages/itemloaders/__init__.py", line 352, in add_xpath
    self.add_value(field_name, values, *processors, re=re, **kw)
  File "/Users/markscharmann/PycharmProjects/ScrapeCookbooksDotCom/.venv/lib/python3.11/site-packages/itemloaders/__init__.py", line 187, in add_value
    self._add_value(field_name, value)
  File "/Users/markscharmann/PycharmProjects/ScrapeCookbooksDotCom/.venv/lib/python3.11/site-packages/itemloaders/__init__.py", line 205, in _add_value
    processed_value = self._process_input_value(field_name, value)
                      ^^^^^^^^^^^^^^^^^^^^^^^^^^^^^^^^^^^^^^^^^^^^
  File "/Users/markscharmann/PycharmProjects/ScrapeCookbooksDotCom/.venv/lib/python3.11/site-packages/itemloaders/__init__.py", line 313, in _process_input_value
    raise ValueError(
ValueError: Error with input processor function: field='star_rating' value=['<div id="star-rating"><ul>\r\n<li class="current-rating" style="width:45px;">Currently 3/5 Stars.</li>\r\n<li><a href="?id=1?rating=1#star-rating" onclick="fAJAXRequest(\'star-rating\',\'service/RecipeRating.aspx?rating=1&amp;id=1\',\'nocache\',\'\',\'\'); return false;" title="Rate this 1 stars out of 5" class="star-1">1</a></li>\r\n<li><a href="?id=1?rating=2#star-rating" onclick="fAJAXRequest(\'star-rating\',\'service/RecipeRating.aspx?rating=2&amp;id=1\',\'nocache\',\'\',\'\'); return false;" title="Rate this 2 stars out of 5" class="star-2">2</a></li>\r\n<li><a href="?id=1?rating=3#star-rating" onclick="fAJAXRequest(\'star-rating\',\'service/RecipeRating.aspx?rating=3&amp;id=1\',\'nocache\',\'\',\'\'); return false;" title="Rate this 3 stars out of 5" class="star-3">3</a></li>\r\n<li><a href="?id=1?rating=4#star-rating" onclick="fAJAXRequest(\'star-rating\',\'service/RecipeRating.aspx?rating=4&amp;id=1\',\'nocache\',\'\',\'\'); return false;" title="Rate this 4 stars out of 5" class="star-4">4</a></li>\r\n<li><a href="?id=1?rating=5#star-rating" onclick="fAJAXRequest(\'star-rating\',\'service/RecipeRating.aspx?rating=5&amp;id=1\',\'nocache\',\'\',\'\'); return false;" title="Rate this 5 stars out of 5" class="star-5">5</a></li>\r\n</ul>Rated <strong>3</strong>/5 stars (1094 votes casted)\r\n</div>'] error='AttributeError: 'list' object has no attribute 'split''
INFO:scrapy.core.engine:Closing spider (finished)
INFO:scrapy.extensions.feedexport:Stored csv feed (0 items) in: cookbooksdotcom
INFO:scrapy.statscollectors:Dumping Scrapy stats:
{'downloader/request_bytes': 462,
 'downloader/request_count': 2,
 'downloader/request_method_count/GET': 2,
 'downloader/response_bytes': 71270,
 'downloader/response_count': 2,
 'downloader/response_status_count/200': 1,
 'downloader/response_status_count/404': 1,
 'elapsed_time_seconds': 1.470131,
 'feedexport/success_count/FileFeedStorage': 1,
 'finish_reason': 'finished',
 'finish_time': datetime.datetime(2024, 5, 13, 9, 26, 8, 380746, tzinfo=datetime.timezone.utc),
 'log_count/DEBUG': 12,
 'log_count/ERROR': 1,
 'log_count/INFO': 11,
 'memusage/max': 68485120,
 'memusage/startup': 68485120,
 'response_received_count': 2,
 'robotstxt/request_count': 1,
 'robotstxt/response_count': 1,
 'robotstxt/response_status_count/404': 1,
 'scheduler/dequeued': 1,
 'scheduler/dequeued/memory': 1,
 'scheduler/enqueued': 1,
 'scheduler/enqueued/memory': 1,
 'spider_exceptions/ValueError': 1,
 'start_time': datetime.datetime(2024, 5, 13, 9, 26, 6, 910615, tzinfo=datetime.timezone.utc)}
INFO:scrapy.core.engine:Spider closed (finished)
INFO:scrapy.utils.log:Scrapy 2.11.1 started (bot: scrape_cook_books_dot_com)
INFO:scrapy.utils.log:Versions: lxml 5.2.1.0, libxml2 2.12.6, cssselect 1.2.0, parsel 1.9.1, w3lib 2.1.2, Twisted 24.3.0, Python 3.11.5 (v3.11.5:cce6ba91b3, Aug 24 2023, 10:50:31) [Clang 13.0.0 (clang-1300.0.29.30)], pyOpenSSL 24.1.0 (OpenSSL 3.2.1 30 Jan 2024), cryptography 42.0.7, Platform macOS-14.4.1-arm64-arm-64bit
INFO:scrapy.addons:Enabled addons:
[]
DEBUG:asyncio:Using selector: KqueueSelector
DEBUG:scrapy.utils.log:Using reactor: twisted.internet.asyncioreactor.AsyncioSelectorReactor
DEBUG:scrapy.utils.log:Using asyncio event loop: asyncio.unix_events._UnixSelectorEventLoop
INFO:scrapy.extensions.telnet:Telnet Password: cda114778dcd7422
INFO:scrapy.middleware:Enabled extensions:
['scrapy.extensions.corestats.CoreStats',
 'scrapy.extensions.telnet.TelnetConsole',
 'scrapy.extensions.memusage.MemoryUsage',
 'scrapy.extensions.feedexport.FeedExporter',
 'scrapy.extensions.logstats.LogStats']
INFO:scrapy.crawler:Overridden settings:
{'BOT_NAME': 'scrape_cook_books_dot_com',
 'CONCURRENT_REQUESTS': 32,
 'CONCURRENT_REQUESTS_PER_DOMAIN': 32,
 'FEED_EXPORT_ENCODING': 'utf-8',
 'NEWSPIDER_MODULE': 'scrape_cook_books_dot_com.spiders',
 'REQUEST_FINGERPRINTER_IMPLEMENTATION': '2.7',
 'ROBOTSTXT_OBEY': True,
 'SPIDER_MODULES': ['scrape_cook_books_dot_com.spiders'],
 'TWISTED_REACTOR': 'twisted.internet.asyncioreactor.AsyncioSelectorReactor'}
INFO:scrapy.middleware:Enabled downloader middlewares:
['scrapy.downloadermiddlewares.robotstxt.RobotsTxtMiddleware',
 'scrapy.downloadermiddlewares.httpauth.HttpAuthMiddleware',
 'scrapy.downloadermiddlewares.downloadtimeout.DownloadTimeoutMiddleware',
 'scrapy.downloadermiddlewares.defaultheaders.DefaultHeadersMiddleware',
 'scrapy.downloadermiddlewares.useragent.UserAgentMiddleware',
 'scrapy.downloadermiddlewares.retry.RetryMiddleware',
 'scrapy.downloadermiddlewares.redirect.MetaRefreshMiddleware',
 'scrapy.downloadermiddlewares.httpcompression.HttpCompressionMiddleware',
 'scrapy.downloadermiddlewares.redirect.RedirectMiddleware',
 'scrapy.downloadermiddlewares.cookies.CookiesMiddleware',
 'scrapy.downloadermiddlewares.httpproxy.HttpProxyMiddleware',
 'scrapy.downloadermiddlewares.stats.DownloaderStats']
INFO:scrapy.middleware:Enabled spider middlewares:
['scrapy.spidermiddlewares.httperror.HttpErrorMiddleware',
 'scrapy.spidermiddlewares.offsite.OffsiteMiddleware',
 'scrapy.spidermiddlewares.referer.RefererMiddleware',
 'scrapy.spidermiddlewares.urllength.UrlLengthMiddleware',
 'scrapy.spidermiddlewares.depth.DepthMiddleware']
INFO:scrapy.middleware:Enabled item pipelines:
[]
INFO:scrapy.core.engine:Spider opened
INFO:scrapy.extensions.logstats:Crawled 0 pages (at 0 pages/min), scraped 0 items (at 0 items/min)
INFO:scrapy.extensions.telnet:Telnet console listening on 127.0.0.1:6024
DEBUG:scrapy.core.engine:Crawled (404) <GET https://cookbooks.com/robots.txt> (referer: None)
DEBUG:protego:Rule at line 1 without any user agent to enforce it on.
DEBUG:protego:Rule at line 2 without any user agent to enforce it on.
DEBUG:protego:Rule at line 8 without any user agent to enforce it on.
DEBUG:protego:Rule at line 9 without any user agent to enforce it on.
DEBUG:protego:Rule at line 10 without any user agent to enforce it on.
DEBUG:protego:Rule at line 11 without any user agent to enforce it on.
DEBUG:protego:Rule at line 12 without any user agent to enforce it on.
DEBUG:scrapy.core.engine:Crawled (200) <GET https://cookbooks.com/Recipe-Details.aspx?id=1> (referer: None)
DEBUG:scrapy.core.scraper:Scraped from <200 https://cookbooks.com/Recipe-Details.aspx?id=1>
{'directions': ['Combine crumbs, nuts, 3 tablespoons granulated sugar and '
                'margarine.  Press onto bottom of 9-inch spring-form pan.  '
                'Bake at 325° for 10 minutes.  Combine cream cheese and brown '
                'sugar, mixing at medium speed with electric mixer until well '
                'blended.  Add eggs, one at a time, mixing well after each.  '
                'Blend in chocolate, milk, and vanilla extract; pour over '
                'crust.  Bake at 325° for 35 minutes. Combine sour cream and 2 '
                'tablespoons granulated sugar; carefully spread over '
                'cheesecake.  Bake at 425° for 10 minutes.  Loosen cake from '
                'rim of pan.  Cool before removing rim of pan.  Chill.  '
                'Garnish with mint candies.'],
 'ingredients': ['1  c. vanilla wafer crumbs1/2  c. chopped pecans3  Tbsp. '
                 'granulated sugar1/2  c. Parkay margarine2 (8 oz.)  pkg. '
                 'Philadelphia cream cheese, softened1/2  c. packed brown '
                 'sugar2  eggs16  oz. pkg. semi-sweet chocolate pieces2  Tbsp. '
                 'milk1  tsp. vanilla extract2  c. sour cream2  Tbsp. '
                 'granulated sugar  mint candies (garnish)'],
 'star_rating': [3],
 'title': ['CHOCOLATE VELVET CHEESECAKE-'],
 'total_votes': [1094],
 'url': ['https://cookbooks.com/Recipe-Details.aspx?id=1']}
ERROR:scrapy.utils.signal:Error caught on signal handler: <bound method FeedExporter.item_scraped of <scrapy.extensions.feedexport.FeedExporter object at 0x10579fe10>>
Traceback (most recent call last):
  File "/Users/markscharmann/PycharmProjects/ScrapeCookbooksDotCom/.venv/lib/python3.11/site-packages/scrapy/utils/defer.py", line 348, in maybeDeferred_coro
    result = f(*args, **kw)
  File "/Users/markscharmann/PycharmProjects/ScrapeCookbooksDotCom/.venv/lib/python3.11/site-packages/pydispatch/robustapply.py", line 55, in robustApply
    return receiver(*arguments, **named)
  File "/Users/markscharmann/PycharmProjects/ScrapeCookbooksDotCom/.venv/lib/python3.11/site-packages/scrapy/extensions/feedexport.py", line 572, in item_scraped
    slot.exporter.export_item(item)
  File "/Users/markscharmann/PycharmProjects/ScrapeCookbooksDotCom/.venv/lib/python3.11/site-packages/scrapy/exporters.py", line 256, in export_item
    values = list(self._build_row(x for _, x in fields))
  File "/Users/markscharmann/PycharmProjects/ScrapeCookbooksDotCom/.venv/lib/python3.11/site-packages/scrapy/exporters.py", line 263, in _build_row
    for s in values:
  File "/Users/markscharmann/PycharmProjects/ScrapeCookbooksDotCom/.venv/lib/python3.11/site-packages/scrapy/exporters.py", line 256, in <genexpr>
    values = list(self._build_row(x for _, x in fields))
  File "/Users/markscharmann/PycharmProjects/ScrapeCookbooksDotCom/.venv/lib/python3.11/site-packages/scrapy/exporters.py", line 95, in _get_serialized_fields
    value = self.serialize_field(field_meta, output_field, item[item_field])
  File "/Users/markscharmann/PycharmProjects/ScrapeCookbooksDotCom/.venv/lib/python3.11/site-packages/scrapy/exporters.py", line 240, in serialize_field
    return serializer(value)
TypeError: int() argument must be a string, a bytes-like object or a real number, not 'list'
INFO:scrapy.core.engine:Closing spider (finished)
INFO:scrapy.extensions.feedexport:Stored csv feed (0 items) in: cookbooksdotcom
INFO:scrapy.statscollectors:Dumping Scrapy stats:
{'downloader/request_bytes': 462,
 'downloader/request_count': 2,
 'downloader/request_method_count/GET': 2,
 'downloader/response_bytes': 71270,
 'downloader/response_count': 2,
 'downloader/response_status_count/200': 1,
 'downloader/response_status_count/404': 1,
 'elapsed_time_seconds': 1.356571,
 'feedexport/success_count/FileFeedStorage': 1,
 'finish_reason': 'finished',
 'finish_time': datetime.datetime(2024, 5, 13, 9, 28, 26, 824407, tzinfo=datetime.timezone.utc),
 'item_scraped_count': 1,
 'log_count/DEBUG': 13,
 'log_count/ERROR': 1,
 'log_count/INFO': 11,
 'memusage/max': 68157440,
 'memusage/startup': 68157440,
 'response_received_count': 2,
 'robotstxt/request_count': 1,
 'robotstxt/response_count': 1,
 'robotstxt/response_status_count/404': 1,
 'scheduler/dequeued': 1,
 'scheduler/dequeued/memory': 1,
 'scheduler/enqueued': 1,
 'scheduler/enqueued/memory': 1,
 'start_time': datetime.datetime(2024, 5, 13, 9, 28, 25, 467836, tzinfo=datetime.timezone.utc)}
INFO:scrapy.core.engine:Spider closed (finished)
INFO:scrapy.utils.log:Scrapy 2.11.1 started (bot: scrape_cook_books_dot_com)
INFO:scrapy.utils.log:Versions: lxml 5.2.1.0, libxml2 2.12.6, cssselect 1.2.0, parsel 1.9.1, w3lib 2.1.2, Twisted 24.3.0, Python 3.11.5 (v3.11.5:cce6ba91b3, Aug 24 2023, 10:50:31) [Clang 13.0.0 (clang-1300.0.29.30)], pyOpenSSL 24.1.0 (OpenSSL 3.2.1 30 Jan 2024), cryptography 42.0.7, Platform macOS-14.4.1-arm64-arm-64bit
INFO:scrapy.addons:Enabled addons:
[]
DEBUG:asyncio:Using selector: KqueueSelector
DEBUG:scrapy.utils.log:Using reactor: twisted.internet.asyncioreactor.AsyncioSelectorReactor
DEBUG:scrapy.utils.log:Using asyncio event loop: asyncio.unix_events._UnixSelectorEventLoop
INFO:scrapy.extensions.telnet:Telnet Password: ab22f321e0a0eb11
INFO:scrapy.middleware:Enabled extensions:
['scrapy.extensions.corestats.CoreStats',
 'scrapy.extensions.telnet.TelnetConsole',
 'scrapy.extensions.memusage.MemoryUsage',
 'scrapy.extensions.feedexport.FeedExporter',
 'scrapy.extensions.logstats.LogStats']
INFO:scrapy.crawler:Overridden settings:
{'BOT_NAME': 'scrape_cook_books_dot_com',
 'CONCURRENT_REQUESTS': 32,
 'CONCURRENT_REQUESTS_PER_DOMAIN': 32,
 'FEED_EXPORT_ENCODING': 'utf-8',
 'NEWSPIDER_MODULE': 'scrape_cook_books_dot_com.spiders',
 'REQUEST_FINGERPRINTER_IMPLEMENTATION': '2.7',
 'ROBOTSTXT_OBEY': True,
 'SPIDER_MODULES': ['scrape_cook_books_dot_com.spiders'],
 'TWISTED_REACTOR': 'twisted.internet.asyncioreactor.AsyncioSelectorReactor'}
INFO:scrapy.middleware:Enabled downloader middlewares:
['scrapy.downloadermiddlewares.robotstxt.RobotsTxtMiddleware',
 'scrapy.downloadermiddlewares.httpauth.HttpAuthMiddleware',
 'scrapy.downloadermiddlewares.downloadtimeout.DownloadTimeoutMiddleware',
 'scrapy.downloadermiddlewares.defaultheaders.DefaultHeadersMiddleware',
 'scrapy.downloadermiddlewares.useragent.UserAgentMiddleware',
 'scrapy.downloadermiddlewares.retry.RetryMiddleware',
 'scrapy.downloadermiddlewares.redirect.MetaRefreshMiddleware',
 'scrapy.downloadermiddlewares.httpcompression.HttpCompressionMiddleware',
 'scrapy.downloadermiddlewares.redirect.RedirectMiddleware',
 'scrapy.downloadermiddlewares.cookies.CookiesMiddleware',
 'scrapy.downloadermiddlewares.httpproxy.HttpProxyMiddleware',
 'scrapy.downloadermiddlewares.stats.DownloaderStats']
INFO:scrapy.middleware:Enabled spider middlewares:
['scrapy.spidermiddlewares.httperror.HttpErrorMiddleware',
 'scrapy.spidermiddlewares.offsite.OffsiteMiddleware',
 'scrapy.spidermiddlewares.referer.RefererMiddleware',
 'scrapy.spidermiddlewares.urllength.UrlLengthMiddleware',
 'scrapy.spidermiddlewares.depth.DepthMiddleware']
INFO:scrapy.middleware:Enabled item pipelines:
[]
INFO:scrapy.core.engine:Spider opened
INFO:scrapy.extensions.logstats:Crawled 0 pages (at 0 pages/min), scraped 0 items (at 0 items/min)
INFO:scrapy.extensions.telnet:Telnet console listening on 127.0.0.1:6024
DEBUG:scrapy.core.engine:Crawled (404) <GET https://cookbooks.com/robots.txt> (referer: None)
DEBUG:protego:Rule at line 1 without any user agent to enforce it on.
DEBUG:protego:Rule at line 2 without any user agent to enforce it on.
DEBUG:protego:Rule at line 8 without any user agent to enforce it on.
DEBUG:protego:Rule at line 9 without any user agent to enforce it on.
DEBUG:protego:Rule at line 10 without any user agent to enforce it on.
DEBUG:protego:Rule at line 11 without any user agent to enforce it on.
DEBUG:protego:Rule at line 12 without any user agent to enforce it on.
DEBUG:scrapy.core.engine:Crawled (200) <GET https://cookbooks.com/Recipe-Details.aspx?id=1> (referer: None)
DEBUG:scrapy.core.scraper:Scraped from <200 https://cookbooks.com/Recipe-Details.aspx?id=1>
{'directions': ['Combine crumbs, nuts, 3 tablespoons granulated sugar and '
                'margarine.  Press onto bottom of 9-inch spring-form pan.  '
                'Bake at 325° for 10 minutes.  Combine cream cheese and brown '
                'sugar, mixing at medium speed with electric mixer until well '
                'blended.  Add eggs, one at a time, mixing well after each.  '
                'Blend in chocolate, milk, and vanilla extract; pour over '
                'crust.  Bake at 325° for 35 minutes. Combine sour cream and 2 '
                'tablespoons granulated sugar; carefully spread over '
                'cheesecake.  Bake at 425° for 10 minutes.  Loosen cake from '
                'rim of pan.  Cool before removing rim of pan.  Chill.  '
                'Garnish with mint candies.'],
 'ingredients': ['1  c. vanilla wafer crumbs1/2  c. chopped pecans3  Tbsp. '
                 'granulated sugar1/2  c. Parkay margarine2 (8 oz.)  pkg. '
                 'Philadelphia cream cheese, softened1/2  c. packed brown '
                 'sugar2  eggs16  oz. pkg. semi-sweet chocolate pieces2  Tbsp. '
                 'milk1  tsp. vanilla extract2  c. sour cream2  Tbsp. '
                 'granulated sugar  mint candies (garnish)'],
 'star_rating': [3],
 'title': ['CHOCOLATE VELVET CHEESECAKE'],
 'total_votes': [1094],
 'url': ['https://cookbooks.com/Recipe-Details.aspx?id=1']}
ERROR:scrapy.utils.signal:Error caught on signal handler: <bound method FeedExporter.item_scraped of <scrapy.extensions.feedexport.FeedExporter object at 0x110b132d0>>
Traceback (most recent call last):
  File "/Users/markscharmann/PycharmProjects/ScrapeCookbooksDotCom/.venv/lib/python3.11/site-packages/scrapy/utils/defer.py", line 348, in maybeDeferred_coro
    result = f(*args, **kw)
  File "/Users/markscharmann/PycharmProjects/ScrapeCookbooksDotCom/.venv/lib/python3.11/site-packages/pydispatch/robustapply.py", line 55, in robustApply
    return receiver(*arguments, **named)
  File "/Users/markscharmann/PycharmProjects/ScrapeCookbooksDotCom/.venv/lib/python3.11/site-packages/scrapy/extensions/feedexport.py", line 572, in item_scraped
    slot.exporter.export_item(item)
  File "/Users/markscharmann/PycharmProjects/ScrapeCookbooksDotCom/.venv/lib/python3.11/site-packages/scrapy/exporters.py", line 256, in export_item
    values = list(self._build_row(x for _, x in fields))
  File "/Users/markscharmann/PycharmProjects/ScrapeCookbooksDotCom/.venv/lib/python3.11/site-packages/scrapy/exporters.py", line 263, in _build_row
    for s in values:
  File "/Users/markscharmann/PycharmProjects/ScrapeCookbooksDotCom/.venv/lib/python3.11/site-packages/scrapy/exporters.py", line 256, in <genexpr>
    values = list(self._build_row(x for _, x in fields))
  File "/Users/markscharmann/PycharmProjects/ScrapeCookbooksDotCom/.venv/lib/python3.11/site-packages/scrapy/exporters.py", line 95, in _get_serialized_fields
    value = self.serialize_field(field_meta, output_field, item[item_field])
  File "/Users/markscharmann/PycharmProjects/ScrapeCookbooksDotCom/.venv/lib/python3.11/site-packages/scrapy/exporters.py", line 240, in serialize_field
    return serializer(value)
TypeError: int() argument must be a string, a bytes-like object or a real number, not 'list'
INFO:scrapy.core.engine:Closing spider (finished)
INFO:scrapy.extensions.feedexport:Stored csv feed (0 items) in: cookbooksdotcom
INFO:scrapy.statscollectors:Dumping Scrapy stats:
{'downloader/request_bytes': 462,
 'downloader/request_count': 2,
 'downloader/request_method_count/GET': 2,
 'downloader/response_bytes': 71270,
 'downloader/response_count': 2,
 'downloader/response_status_count/200': 1,
 'downloader/response_status_count/404': 1,
 'elapsed_time_seconds': 1.358964,
 'feedexport/success_count/FileFeedStorage': 1,
 'finish_reason': 'finished',
 'finish_time': datetime.datetime(2024, 5, 13, 9, 42, 7, 863269, tzinfo=datetime.timezone.utc),
 'item_scraped_count': 1,
 'log_count/DEBUG': 13,
 'log_count/ERROR': 1,
 'log_count/INFO': 11,
 'memusage/max': 67764224,
 'memusage/startup': 67764224,
 'response_received_count': 2,
 'robotstxt/request_count': 1,
 'robotstxt/response_count': 1,
 'robotstxt/response_status_count/404': 1,
 'scheduler/dequeued': 1,
 'scheduler/dequeued/memory': 1,
 'scheduler/enqueued': 1,
 'scheduler/enqueued/memory': 1,
 'start_time': datetime.datetime(2024, 5, 13, 9, 42, 6, 504305, tzinfo=datetime.timezone.utc)}
INFO:scrapy.core.engine:Spider closed (finished)
INFO:scrapy.utils.log:Scrapy 2.11.1 started (bot: scrape_cook_books_dot_com)
INFO:scrapy.utils.log:Versions: lxml 5.2.1.0, libxml2 2.12.6, cssselect 1.2.0, parsel 1.9.1, w3lib 2.1.2, Twisted 24.3.0, Python 3.11.5 (v3.11.5:cce6ba91b3, Aug 24 2023, 10:50:31) [Clang 13.0.0 (clang-1300.0.29.30)], pyOpenSSL 24.1.0 (OpenSSL 3.2.1 30 Jan 2024), cryptography 42.0.7, Platform macOS-14.4.1-arm64-arm-64bit
INFO:scrapy.addons:Enabled addons:
[]
DEBUG:asyncio:Using selector: KqueueSelector
DEBUG:scrapy.utils.log:Using reactor: twisted.internet.asyncioreactor.AsyncioSelectorReactor
DEBUG:scrapy.utils.log:Using asyncio event loop: asyncio.unix_events._UnixSelectorEventLoop
INFO:scrapy.extensions.telnet:Telnet Password: b164467355cb7e87
INFO:scrapy.middleware:Enabled extensions:
['scrapy.extensions.corestats.CoreStats',
 'scrapy.extensions.telnet.TelnetConsole',
 'scrapy.extensions.memusage.MemoryUsage',
 'scrapy.extensions.feedexport.FeedExporter',
 'scrapy.extensions.logstats.LogStats']
INFO:scrapy.crawler:Overridden settings:
{'BOT_NAME': 'scrape_cook_books_dot_com',
 'CONCURRENT_REQUESTS': 32,
 'CONCURRENT_REQUESTS_PER_DOMAIN': 32,
 'FEED_EXPORT_ENCODING': 'utf-8',
 'NEWSPIDER_MODULE': 'scrape_cook_books_dot_com.spiders',
 'REQUEST_FINGERPRINTER_IMPLEMENTATION': '2.7',
 'ROBOTSTXT_OBEY': True,
 'SPIDER_MODULES': ['scrape_cook_books_dot_com.spiders'],
 'TWISTED_REACTOR': 'twisted.internet.asyncioreactor.AsyncioSelectorReactor'}
INFO:scrapy.middleware:Enabled downloader middlewares:
['scrapy.downloadermiddlewares.robotstxt.RobotsTxtMiddleware',
 'scrapy.downloadermiddlewares.httpauth.HttpAuthMiddleware',
 'scrapy.downloadermiddlewares.downloadtimeout.DownloadTimeoutMiddleware',
 'scrapy.downloadermiddlewares.defaultheaders.DefaultHeadersMiddleware',
 'scrapy.downloadermiddlewares.useragent.UserAgentMiddleware',
 'scrapy.downloadermiddlewares.retry.RetryMiddleware',
 'scrapy.downloadermiddlewares.redirect.MetaRefreshMiddleware',
 'scrapy.downloadermiddlewares.httpcompression.HttpCompressionMiddleware',
 'scrapy.downloadermiddlewares.redirect.RedirectMiddleware',
 'scrapy.downloadermiddlewares.cookies.CookiesMiddleware',
 'scrapy.downloadermiddlewares.httpproxy.HttpProxyMiddleware',
 'scrapy.downloadermiddlewares.stats.DownloaderStats']
INFO:scrapy.middleware:Enabled spider middlewares:
['scrapy.spidermiddlewares.httperror.HttpErrorMiddleware',
 'scrapy.spidermiddlewares.offsite.OffsiteMiddleware',
 'scrapy.spidermiddlewares.referer.RefererMiddleware',
 'scrapy.spidermiddlewares.urllength.UrlLengthMiddleware',
 'scrapy.spidermiddlewares.depth.DepthMiddleware']
INFO:scrapy.middleware:Enabled item pipelines:
[]
INFO:scrapy.core.engine:Spider opened
INFO:scrapy.extensions.logstats:Crawled 0 pages (at 0 pages/min), scraped 0 items (at 0 items/min)
INFO:scrapy.extensions.telnet:Telnet console listening on 127.0.0.1:6024
DEBUG:scrapy.core.engine:Crawled (404) <GET https://cookbooks.com/robots.txt> (referer: None)
DEBUG:protego:Rule at line 1 without any user agent to enforce it on.
DEBUG:protego:Rule at line 2 without any user agent to enforce it on.
DEBUG:protego:Rule at line 8 without any user agent to enforce it on.
DEBUG:protego:Rule at line 9 without any user agent to enforce it on.
DEBUG:protego:Rule at line 10 without any user agent to enforce it on.
DEBUG:protego:Rule at line 11 without any user agent to enforce it on.
DEBUG:protego:Rule at line 12 without any user agent to enforce it on.
DEBUG:scrapy.core.engine:Crawled (200) <GET https://cookbooks.com/Recipe-Details.aspx?id=1> (referer: None)
DEBUG:scrapy.core.scraper:Scraped from <200 https://cookbooks.com/Recipe-Details.aspx?id=1>
{'directions': 'Combine crumbs, nuts, 3 tablespoons granulated sugar and '
               'margarine.  Press onto bottom of 9-inch spring-form pan.  Bake '
               'at 325° for 10 minutes.  Combine cream cheese and brown sugar, '
               'mixing at medium speed with electric mixer until well '
               'blended.  Add eggs, one at a time, mixing well after each.  '
               'Blend in chocolate, milk, and vanilla extract; pour over '
               'crust.  Bake at 325° for 35 minutes. Combine sour cream and 2 '
               'tablespoons granulated sugar; carefully spread over '
               'cheesecake.  Bake at 425° for 10 minutes.  Loosen cake from '
               'rim of pan.  Cool before removing rim of pan.  Chill.  Garnish '
               'with mint candies.',
 'ingredients': '1  c. vanilla wafer crumbs1/2  c. chopped pecans3  Tbsp. '
                'granulated sugar1/2  c. Parkay margarine2 (8 oz.)  pkg. '
                'Philadelphia cream cheese, softened1/2  c. packed brown '
                'sugar2  eggs16  oz. pkg. semi-sweet chocolate pieces2  Tbsp. '
                'milk1  tsp. vanilla extract2  c. sour cream2  Tbsp. '
                'granulated sugar  mint candies (garnish)',
 'star_rating': 3,
 'title': 'CHOCOLATE VELVET CHEESECAKE',
 'total_votes': 1094,
 'url': 'https://cookbooks.com/Recipe-Details.aspx?id=1'}
INFO:scrapy.core.engine:Closing spider (finished)
INFO:scrapy.extensions.feedexport:Stored csv feed (1 items) in: cookbooksdotcom
INFO:scrapy.statscollectors:Dumping Scrapy stats:
{'downloader/request_bytes': 462,
 'downloader/request_count': 2,
 'downloader/request_method_count/GET': 2,
 'downloader/response_bytes': 71270,
 'downloader/response_count': 2,
 'downloader/response_status_count/200': 1,
 'downloader/response_status_count/404': 1,
 'elapsed_time_seconds': 1.32208,
 'feedexport/success_count/FileFeedStorage': 1,
 'finish_reason': 'finished',
 'finish_time': datetime.datetime(2024, 5, 13, 9, 45, 0, 470327, tzinfo=datetime.timezone.utc),
 'item_scraped_count': 1,
 'log_count/DEBUG': 13,
 'log_count/INFO': 11,
 'memusage/max': 68386816,
 'memusage/startup': 68386816,
 'response_received_count': 2,
 'robotstxt/request_count': 1,
 'robotstxt/response_count': 1,
 'robotstxt/response_status_count/404': 1,
 'scheduler/dequeued': 1,
 'scheduler/dequeued/memory': 1,
 'scheduler/enqueued': 1,
 'scheduler/enqueued/memory': 1,
 'start_time': datetime.datetime(2024, 5, 13, 9, 44, 59, 148247, tzinfo=datetime.timezone.utc)}
INFO:scrapy.core.engine:Spider closed (finished)
INFO:scrapy.utils.log:Scrapy 2.11.1 started (bot: scrape_cook_books_dot_com)
INFO:scrapy.utils.log:Versions: lxml 5.2.1.0, libxml2 2.12.6, cssselect 1.2.0, parsel 1.9.1, w3lib 2.1.2, Twisted 24.3.0, Python 3.11.5 (v3.11.5:cce6ba91b3, Aug 24 2023, 10:50:31) [Clang 13.0.0 (clang-1300.0.29.30)], pyOpenSSL 24.1.0 (OpenSSL 3.2.1 30 Jan 2024), cryptography 42.0.7, Platform macOS-14.4.1-arm64-arm-64bit
INFO:scrapy.addons:Enabled addons:
[]
DEBUG:asyncio:Using selector: KqueueSelector
DEBUG:scrapy.utils.log:Using reactor: twisted.internet.asyncioreactor.AsyncioSelectorReactor
DEBUG:scrapy.utils.log:Using asyncio event loop: asyncio.unix_events._UnixSelectorEventLoop
INFO:scrapy.extensions.telnet:Telnet Password: 8fa63f38bd4f05b3
INFO:scrapy.middleware:Enabled extensions:
['scrapy.extensions.corestats.CoreStats',
 'scrapy.extensions.telnet.TelnetConsole',
 'scrapy.extensions.memusage.MemoryUsage',
 'scrapy.extensions.feedexport.FeedExporter',
 'scrapy.extensions.logstats.LogStats']
INFO:scrapy.crawler:Overridden settings:
{'BOT_NAME': 'scrape_cook_books_dot_com',
 'CONCURRENT_REQUESTS': 32,
 'CONCURRENT_REQUESTS_PER_DOMAIN': 32,
 'FEED_EXPORT_ENCODING': 'utf-8',
 'NEWSPIDER_MODULE': 'scrape_cook_books_dot_com.spiders',
 'REQUEST_FINGERPRINTER_IMPLEMENTATION': '2.7',
 'ROBOTSTXT_OBEY': True,
 'SPIDER_MODULES': ['scrape_cook_books_dot_com.spiders'],
 'TWISTED_REACTOR': 'twisted.internet.asyncioreactor.AsyncioSelectorReactor'}
INFO:scrapy.middleware:Enabled downloader middlewares:
['scrapy.downloadermiddlewares.robotstxt.RobotsTxtMiddleware',
 'scrapy.downloadermiddlewares.httpauth.HttpAuthMiddleware',
 'scrapy.downloadermiddlewares.downloadtimeout.DownloadTimeoutMiddleware',
 'scrapy.downloadermiddlewares.defaultheaders.DefaultHeadersMiddleware',
 'scrapy.downloadermiddlewares.useragent.UserAgentMiddleware',
 'scrapy.downloadermiddlewares.retry.RetryMiddleware',
 'scrapy.downloadermiddlewares.redirect.MetaRefreshMiddleware',
 'scrapy.downloadermiddlewares.httpcompression.HttpCompressionMiddleware',
 'scrapy.downloadermiddlewares.redirect.RedirectMiddleware',
 'scrapy.downloadermiddlewares.cookies.CookiesMiddleware',
 'scrapy.downloadermiddlewares.httpproxy.HttpProxyMiddleware',
 'scrapy.downloadermiddlewares.stats.DownloaderStats']
INFO:scrapy.middleware:Enabled spider middlewares:
['scrapy.spidermiddlewares.httperror.HttpErrorMiddleware',
 'scrapy.spidermiddlewares.offsite.OffsiteMiddleware',
 'scrapy.spidermiddlewares.referer.RefererMiddleware',
 'scrapy.spidermiddlewares.urllength.UrlLengthMiddleware',
 'scrapy.spidermiddlewares.depth.DepthMiddleware']
INFO:scrapy.middleware:Enabled item pipelines:
[]
INFO:scrapy.core.engine:Spider opened
INFO:scrapy.extensions.logstats:Crawled 0 pages (at 0 pages/min), scraped 0 items (at 0 items/min)
INFO:scrapy.extensions.telnet:Telnet console listening on 127.0.0.1:6024
DEBUG:scrapy.core.engine:Crawled (404) <GET https://cookbooks.com/robots.txt> (referer: None)
DEBUG:protego:Rule at line 1 without any user agent to enforce it on.
DEBUG:protego:Rule at line 2 without any user agent to enforce it on.
DEBUG:protego:Rule at line 8 without any user agent to enforce it on.
DEBUG:protego:Rule at line 9 without any user agent to enforce it on.
DEBUG:protego:Rule at line 10 without any user agent to enforce it on.
DEBUG:protego:Rule at line 11 without any user agent to enforce it on.
DEBUG:protego:Rule at line 12 without any user agent to enforce it on.
DEBUG:scrapy.core.engine:Crawled (200) <GET https://cookbooks.com/Recipe-Details.aspx?id=1> (referer: None)
DEBUG:scrapy.core.scraper:Scraped from <200 https://cookbooks.com/Recipe-Details.aspx?id=1>
{'directions': 'Combine crumbs, nuts, 3 tablespoons granulated sugar and '
               'margarine.  Press onto bottom of 9-inch spring-form pan.  Bake '
               'at 325° for 10 minutes.  Combine cream cheese and brown sugar, '
               'mixing at medium speed with electric mixer until well '
               'blended.  Add eggs, one at a time, mixing well after each.  '
               'Blend in chocolate, milk, and vanilla extract; pour over '
               'crust.  Bake at 325° for 35 minutes. Combine sour cream and 2 '
               'tablespoons granulated sugar; carefully spread over '
               'cheesecake.  Bake at 425° for 10 minutes.  Loosen cake from '
               'rim of pan.  Cool before removing rim of pan.  Chill.  Garnish '
               'with mint candies.',
 'ingredients': '1  c. vanilla wafer crumbs1/2  c. chopped pecans3  Tbsp. '
                'granulated sugar1/2  c. Parkay margarine2 (8 oz.)  pkg. '
                'Philadelphia cream cheese, softened1/2  c. packed brown '
                'sugar2  eggs16  oz. pkg. semi-sweet chocolate pieces2  Tbsp. '
                'milk1  tsp. vanilla extract2  c. sour cream2  Tbsp. '
                'granulated sugar  mint candies (garnish)',
 'star_rating': 3,
 'title': 'CHOCOLATE VELVET CHEESECAKE',
 'total_votes': 1094,
 'url': 'https://cookbooks.com/Recipe-Details.aspx?id=1'}
DEBUG:scrapy.core.engine:Crawled (200) <GET https://cookbooks.com/Recipe-Details.aspx?id=2> (referer: None)
DEBUG:scrapy.core.engine:Crawled (200) <GET https://cookbooks.com/Recipe-Details.aspx?id=4> (referer: None)
INFO:scrape_cook_books_dot_com.spiders.scrapecookbooksdotcom:Recipe Page Found: https://cookbooks.com/Recipe-Details.aspx?id=2
ERROR:scrapy.core.scraper:Spider error processing <GET https://cookbooks.com/Recipe-Details.aspx?id=2> (referer: None)
Traceback (most recent call last):
  File "/Users/markscharmann/PycharmProjects/ScrapeCookbooksDotCom/.venv/lib/python3.11/site-packages/itemloaders/__init__.py", line 311, in _process_input_value
    return proc(value)
           ^^^^^^^^^^^
  File "/Users/markscharmann/PycharmProjects/ScrapeCookbooksDotCom/scrape_cook_books_dot_com/items.py", line 11, in get_title
    cleaned_title = title_section[0].split('<font size="5">')[1].split('</font>')[0]
                    ~~~~~~~~~~~~~^^^
IndexError: list index out of range

The above exception was the direct cause of the following exception:

Traceback (most recent call last):
  File "/Users/markscharmann/PycharmProjects/ScrapeCookbooksDotCom/.venv/lib/python3.11/site-packages/twisted/internet/defer.py", line 1078, in _runCallbacks
    current.result = callback(  # type: ignore[misc]
                     ^^^^^^^^^^^^^^^^^^^^^^^^^^^^^^^
  File "/Users/markscharmann/PycharmProjects/ScrapeCookbooksDotCom/scrape_cook_books_dot_com/spiders/scrapecookbooksdotcom.py", line 52, in parse
    item.add_xpath("title", '//p[@class="H2"]')
  File "/Users/markscharmann/PycharmProjects/ScrapeCookbooksDotCom/.venv/lib/python3.11/site-packages/itemloaders/__init__.py", line 352, in add_xpath
    self.add_value(field_name, values, *processors, re=re, **kw)
  File "/Users/markscharmann/PycharmProjects/ScrapeCookbooksDotCom/.venv/lib/python3.11/site-packages/itemloaders/__init__.py", line 187, in add_value
    self._add_value(field_name, value)
  File "/Users/markscharmann/PycharmProjects/ScrapeCookbooksDotCom/.venv/lib/python3.11/site-packages/itemloaders/__init__.py", line 205, in _add_value
    processed_value = self._process_input_value(field_name, value)
                      ^^^^^^^^^^^^^^^^^^^^^^^^^^^^^^^^^^^^^^^^^^^^
  File "/Users/markscharmann/PycharmProjects/ScrapeCookbooksDotCom/.venv/lib/python3.11/site-packages/itemloaders/__init__.py", line 313, in _process_input_value
    raise ValueError(
ValueError: Error with input processor function: field='title' value=[] error='IndexError: list index out of range'
DEBUG:scrapy.core.engine:Crawled (200) <GET https://cookbooks.com/Recipe-Details.aspx?id=3> (referer: None)
DEBUG:scrapy.core.engine:Crawled (200) <GET https://cookbooks.com/Recipe-Details.aspx?id=5> (referer: None)
INFO:scrape_cook_books_dot_com.spiders.scrapecookbooksdotcom:Recipe Page Found: https://cookbooks.com/Recipe-Details.aspx?id=4
ERROR:scrapy.core.scraper:Spider error processing <GET https://cookbooks.com/Recipe-Details.aspx?id=4> (referer: None)
Traceback (most recent call last):
  File "/Users/markscharmann/PycharmProjects/ScrapeCookbooksDotCom/.venv/lib/python3.11/site-packages/itemloaders/__init__.py", line 311, in _process_input_value
    return proc(value)
           ^^^^^^^^^^^
  File "/Users/markscharmann/PycharmProjects/ScrapeCookbooksDotCom/scrape_cook_books_dot_com/items.py", line 11, in get_title
    cleaned_title = title_section[0].split('<font size="5">')[1].split('</font>')[0]
                    ~~~~~~~~~~~~~^^^
IndexError: list index out of range

The above exception was the direct cause of the following exception:

Traceback (most recent call last):
  File "/Users/markscharmann/PycharmProjects/ScrapeCookbooksDotCom/.venv/lib/python3.11/site-packages/twisted/internet/defer.py", line 1078, in _runCallbacks
    current.result = callback(  # type: ignore[misc]
                     ^^^^^^^^^^^^^^^^^^^^^^^^^^^^^^^
  File "/Users/markscharmann/PycharmProjects/ScrapeCookbooksDotCom/scrape_cook_books_dot_com/spiders/scrapecookbooksdotcom.py", line 52, in parse
    item.add_xpath("title", '//p[@class="H2"]')
  File "/Users/markscharmann/PycharmProjects/ScrapeCookbooksDotCom/.venv/lib/python3.11/site-packages/itemloaders/__init__.py", line 352, in add_xpath
    self.add_value(field_name, values, *processors, re=re, **kw)
  File "/Users/markscharmann/PycharmProjects/ScrapeCookbooksDotCom/.venv/lib/python3.11/site-packages/itemloaders/__init__.py", line 187, in add_value
    self._add_value(field_name, value)
  File "/Users/markscharmann/PycharmProjects/ScrapeCookbooksDotCom/.venv/lib/python3.11/site-packages/itemloaders/__init__.py", line 205, in _add_value
    processed_value = self._process_input_value(field_name, value)
                      ^^^^^^^^^^^^^^^^^^^^^^^^^^^^^^^^^^^^^^^^^^^^
  File "/Users/markscharmann/PycharmProjects/ScrapeCookbooksDotCom/.venv/lib/python3.11/site-packages/itemloaders/__init__.py", line 313, in _process_input_value
    raise ValueError(
ValueError: Error with input processor function: field='title' value=[] error='IndexError: list index out of range'
DEBUG:scrapy.core.scraper:Scraped from <200 https://cookbooks.com/Recipe-Details.aspx?id=3>
{'directions': 'Melt baking chocolate and let stand to cool.  Beat eggs until '
               'very light.  Cream butter.  Gradually add sugar to the butter, '
               'beating until light and fluffy.  Sift flour and salt together; '
               'set aside.  Add the cooled chocolate and the eggs to the '
               'creamed mixture.  Mix well.  Alternately add flour mixture and '
               'milk (to which the vanilla has been added).  Stir in nuts.  '
               'Pour into a greased 9-inch pie pan.  Bake at 375° for 45 to 50 '
               'minutes.  Serve with ice cream, if desired.',
 'ingredients': '3  sq. baking chocolate3  eggs1/3  c. butter or margarine1 '
                '1/2  c. granulated sugar3/4  c. all-purpose flour, sifted1/2  '
                'tsp. salt1/3  c. milk1  tsp. vanilla1  c. chopped nuts',
 'star_rating': 3,
 'title': 'CHOCOLATE BROWNIE PIE',
 'total_votes': 916,
 'url': 'https://cookbooks.com/Recipe-Details.aspx?id=3'}
DEBUG:scrapy.core.scraper:Scraped from <200 https://cookbooks.com/Recipe-Details.aspx?id=5>
{'directions': 'Melt chocolate and butter together in top of double boiler '
               'over simmering hot water, stirring until smooth.  Add sugar '
               'and milk. Continue stirring over water until well blended.  '
               'Dissolve cornstarch in 2 tablespoons water.  Beat in egg yolks '
               'and vanilla.',
 'ingredients': '6  oz. semi-sweet chocolate chips4  Tbsp. butter1/2  c. '
                'sugar2  c. milk2  Tbsp. cornstarch3  eggs, separated2  tsp. '
                'vanilla flavoring1  (9-inch) pie crust, baked  dash of cream '
                'of tartar1/4  c. sugar',
 'star_rating': 3,
 'title': 'CHOCOLATE PIE',
 'total_votes': 1105,
 'url': 'https://cookbooks.com/Recipe-Details.aspx?id=5'}
INFO:scrapy.core.engine:Closing spider (finished)
INFO:scrapy.extensions.feedexport:Stored csv feed (3 items) in: cookbooksdotcom
INFO:scrapy.statscollectors:Dumping Scrapy stats:
{'downloader/request_bytes': 1414,
 'downloader/request_count': 6,
 'downloader/request_method_count/GET': 6,
 'downloader/response_bytes': 347477,
 'downloader/response_count': 6,
 'downloader/response_status_count/200': 5,
 'downloader/response_status_count/404': 1,
 'elapsed_time_seconds': 2.523979,
 'feedexport/success_count/FileFeedStorage': 1,
 'finish_reason': 'finished',
 'finish_time': datetime.datetime(2024, 5, 13, 10, 0, 26, 980327, tzinfo=datetime.timezone.utc),
 'item_scraped_count': 3,
 'log_count/DEBUG': 19,
 'log_count/ERROR': 2,
 'log_count/INFO': 13,
 'memusage/max': 68075520,
 'memusage/startup': 68075520,
 'response_received_count': 6,
 'robotstxt/request_count': 1,
 'robotstxt/response_count': 1,
 'robotstxt/response_status_count/404': 1,
 'scheduler/dequeued': 5,
 'scheduler/dequeued/memory': 5,
 'scheduler/enqueued': 5,
 'scheduler/enqueued/memory': 5,
 'spider_exceptions/ValueError': 2,
 'start_time': datetime.datetime(2024, 5, 13, 10, 0, 24, 456348, tzinfo=datetime.timezone.utc)}
INFO:scrapy.core.engine:Spider closed (finished)
INFO:scrapy.utils.log:Scrapy 2.11.1 started (bot: scrape_cook_books_dot_com)
INFO:scrapy.utils.log:Versions: lxml 5.2.1.0, libxml2 2.12.6, cssselect 1.2.0, parsel 1.9.1, w3lib 2.1.2, Twisted 24.3.0, Python 3.11.5 (v3.11.5:cce6ba91b3, Aug 24 2023, 10:50:31) [Clang 13.0.0 (clang-1300.0.29.30)], pyOpenSSL 24.1.0 (OpenSSL 3.2.1 30 Jan 2024), cryptography 42.0.7, Platform macOS-14.4.1-arm64-arm-64bit
INFO:scrapy.addons:Enabled addons:
[]
DEBUG:asyncio:Using selector: KqueueSelector
DEBUG:scrapy.utils.log:Using reactor: twisted.internet.asyncioreactor.AsyncioSelectorReactor
DEBUG:scrapy.utils.log:Using asyncio event loop: asyncio.unix_events._UnixSelectorEventLoop
INFO:scrapy.extensions.telnet:Telnet Password: 2d09b1836f90ef8b
INFO:scrapy.middleware:Enabled extensions:
['scrapy.extensions.corestats.CoreStats',
 'scrapy.extensions.telnet.TelnetConsole',
 'scrapy.extensions.memusage.MemoryUsage',
 'scrapy.extensions.feedexport.FeedExporter',
 'scrapy.extensions.logstats.LogStats']
INFO:scrapy.crawler:Overridden settings:
{'BOT_NAME': 'scrape_cook_books_dot_com',
 'CONCURRENT_REQUESTS': 32,
 'CONCURRENT_REQUESTS_PER_DOMAIN': 32,
 'FEED_EXPORT_ENCODING': 'utf-8',
 'NEWSPIDER_MODULE': 'scrape_cook_books_dot_com.spiders',
 'REQUEST_FINGERPRINTER_IMPLEMENTATION': '2.7',
 'ROBOTSTXT_OBEY': True,
 'SPIDER_MODULES': ['scrape_cook_books_dot_com.spiders'],
 'TWISTED_REACTOR': 'twisted.internet.asyncioreactor.AsyncioSelectorReactor'}
INFO:scrapy.middleware:Enabled downloader middlewares:
['scrapy.downloadermiddlewares.robotstxt.RobotsTxtMiddleware',
 'scrapy.downloadermiddlewares.httpauth.HttpAuthMiddleware',
 'scrapy.downloadermiddlewares.downloadtimeout.DownloadTimeoutMiddleware',
 'scrapy.downloadermiddlewares.defaultheaders.DefaultHeadersMiddleware',
 'scrapy.downloadermiddlewares.useragent.UserAgentMiddleware',
 'scrapy.downloadermiddlewares.retry.RetryMiddleware',
 'scrapy.downloadermiddlewares.redirect.MetaRefreshMiddleware',
 'scrapy.downloadermiddlewares.httpcompression.HttpCompressionMiddleware',
 'scrapy.downloadermiddlewares.redirect.RedirectMiddleware',
 'scrapy.downloadermiddlewares.cookies.CookiesMiddleware',
 'scrapy.downloadermiddlewares.httpproxy.HttpProxyMiddleware',
 'scrapy.downloadermiddlewares.stats.DownloaderStats']
INFO:scrapy.middleware:Enabled spider middlewares:
['scrapy.spidermiddlewares.httperror.HttpErrorMiddleware',
 'scrapy.spidermiddlewares.offsite.OffsiteMiddleware',
 'scrapy.spidermiddlewares.referer.RefererMiddleware',
 'scrapy.spidermiddlewares.urllength.UrlLengthMiddleware',
 'scrapy.spidermiddlewares.depth.DepthMiddleware']
INFO:scrapy.middleware:Enabled item pipelines:
[]
INFO:scrapy.core.engine:Spider opened
INFO:scrapy.extensions.logstats:Crawled 0 pages (at 0 pages/min), scraped 0 items (at 0 items/min)
INFO:scrapy.extensions.telnet:Telnet console listening on 127.0.0.1:6024
DEBUG:scrapy.core.engine:Crawled (404) <GET https://cookbooks.com/robots.txt> (referer: None)
DEBUG:protego:Rule at line 1 without any user agent to enforce it on.
DEBUG:protego:Rule at line 2 without any user agent to enforce it on.
DEBUG:protego:Rule at line 8 without any user agent to enforce it on.
DEBUG:protego:Rule at line 9 without any user agent to enforce it on.
DEBUG:protego:Rule at line 10 without any user agent to enforce it on.
DEBUG:protego:Rule at line 11 without any user agent to enforce it on.
DEBUG:protego:Rule at line 12 without any user agent to enforce it on.
DEBUG:scrapy.core.engine:Crawled (200) <GET https://cookbooks.com/Recipe-Details.aspx?id=1> (referer: None)
DEBUG:scrapy.core.engine:Crawled (200) <GET https://cookbooks.com/Recipe-Details.aspx?id=4> (referer: None)
DEBUG:scrapy.core.scraper:Scraped from <200 https://cookbooks.com/Recipe-Details.aspx?id=1>
{'directions': 'Combine crumbs, nuts, 3 tablespoons granulated sugar and '
               'margarine.  Press onto bottom of 9-inch spring-form pan.  Bake '
               'at 325° for 10 minutes.  Combine cream cheese and brown sugar, '
               'mixing at medium speed with electric mixer until well '
               'blended.  Add eggs, one at a time, mixing well after each.  '
               'Blend in chocolate, milk, and vanilla extract; pour over '
               'crust.  Bake at 325° for 35 minutes. Combine sour cream and 2 '
               'tablespoons granulated sugar; carefully spread over '
               'cheesecake.  Bake at 425° for 10 minutes.  Loosen cake from '
               'rim of pan.  Cool before removing rim of pan.  Chill.  Garnish '
               'with mint candies.',
 'ingredients': '1  c. vanilla wafer crumbs1/2  c. chopped pecans3  Tbsp. '
                'granulated sugar1/2  c. Parkay margarine2 (8 oz.)  pkg. '
                'Philadelphia cream cheese, softened1/2  c. packed brown '
                'sugar2  eggs16  oz. pkg. semi-sweet chocolate pieces2  Tbsp. '
                'milk1  tsp. vanilla extract2  c. sour cream2  Tbsp. '
                'granulated sugar  mint candies (garnish)',
 'star_rating': 3,
 'title': 'CHOCOLATE VELVET CHEESECAKE',
 'total_votes': 1094,
 'url': 'https://cookbooks.com/Recipe-Details.aspx?id=1'}
INFO:scrape_cook_books_dot_com.spiders.scrapecookbooksdotcom:Recipe Page Found: https://cookbooks.com/Recipe-Details.aspx?id=4
DEBUG:scrapy.core.engine:Crawled (200) <GET https://cookbooks.com/Recipe-Details.aspx?id=5> (referer: None)
DEBUG:scrapy.core.engine:Crawled (200) <GET https://cookbooks.com/Recipe-Details.aspx?id=3> (referer: None)
DEBUG:scrapy.core.engine:Crawled (200) <GET https://cookbooks.com/Recipe-Details.aspx?id=2> (referer: None)
DEBUG:scrapy.core.scraper:Scraped from <200 https://cookbooks.com/Recipe-Details.aspx?id=5>
{'directions': 'Melt chocolate and butter together in top of double boiler '
               'over simmering hot water, stirring until smooth.  Add sugar '
               'and milk. Continue stirring over water until well blended.  '
               'Dissolve cornstarch in 2 tablespoons water.  Beat in egg yolks '
               'and vanilla.',
 'ingredients': '6  oz. semi-sweet chocolate chips4  Tbsp. butter1/2  c. '
                'sugar2  c. milk2  Tbsp. cornstarch3  eggs, separated2  tsp. '
                'vanilla flavoring1  (9-inch) pie crust, baked  dash of cream '
                'of tartar1/4  c. sugar',
 'star_rating': 3,
 'title': 'CHOCOLATE PIE',
 'total_votes': 1105,
 'url': 'https://cookbooks.com/Recipe-Details.aspx?id=5'}
DEBUG:scrapy.core.scraper:Scraped from <200 https://cookbooks.com/Recipe-Details.aspx?id=3>
{'directions': 'Melt baking chocolate and let stand to cool.  Beat eggs until '
               'very light.  Cream butter.  Gradually add sugar to the butter, '
               'beating until light and fluffy.  Sift flour and salt together; '
               'set aside.  Add the cooled chocolate and the eggs to the '
               'creamed mixture.  Mix well.  Alternately add flour mixture and '
               'milk (to which the vanilla has been added).  Stir in nuts.  '
               'Pour into a greased 9-inch pie pan.  Bake at 375° for 45 to 50 '
               'minutes.  Serve with ice cream, if desired.',
 'ingredients': '3  sq. baking chocolate3  eggs1/3  c. butter or margarine1 '
                '1/2  c. granulated sugar3/4  c. all-purpose flour, sifted1/2  '
                'tsp. salt1/3  c. milk1  tsp. vanilla1  c. chopped nuts',
 'star_rating': 3,
 'title': 'CHOCOLATE BROWNIE PIE',
 'total_votes': 916,
 'url': 'https://cookbooks.com/Recipe-Details.aspx?id=3'}
INFO:scrape_cook_books_dot_com.spiders.scrapecookbooksdotcom:Recipe Page Found: https://cookbooks.com/Recipe-Details.aspx?id=2
INFO:scrapy.core.engine:Closing spider (finished)
INFO:scrapy.extensions.feedexport:Stored csv feed (3 items) in: cookbooksdotcom
INFO:scrapy.statscollectors:Dumping Scrapy stats:
{'downloader/request_bytes': 1414,
 'downloader/request_count': 6,
 'downloader/request_method_count/GET': 6,
 'downloader/response_bytes': 347477,
 'downloader/response_count': 6,
 'downloader/response_status_count/200': 5,
 'downloader/response_status_count/404': 1,
 'elapsed_time_seconds': 2.515964,
 'feedexport/success_count/FileFeedStorage': 1,
 'finish_reason': 'finished',
 'finish_time': datetime.datetime(2024, 5, 13, 10, 3, 55, 358430, tzinfo=datetime.timezone.utc),
 'item_scraped_count': 3,
 'log_count/DEBUG': 19,
 'log_count/INFO': 13,
 'memusage/max': 68190208,
 'memusage/startup': 68190208,
 'response_received_count': 6,
 'robotstxt/request_count': 1,
 'robotstxt/response_count': 1,
 'robotstxt/response_status_count/404': 1,
 'scheduler/dequeued': 5,
 'scheduler/dequeued/memory': 5,
 'scheduler/enqueued': 5,
 'scheduler/enqueued/memory': 5,
 'start_time': datetime.datetime(2024, 5, 13, 10, 3, 52, 842466, tzinfo=datetime.timezone.utc)}
INFO:scrapy.core.engine:Spider closed (finished)
INFO:scrapy.utils.log:Scrapy 2.11.1 started (bot: scrape_cook_books_dot_com)
INFO:scrapy.utils.log:Versions: lxml 5.2.1.0, libxml2 2.12.6, cssselect 1.2.0, parsel 1.9.1, w3lib 2.1.2, Twisted 24.3.0, Python 3.11.5 (v3.11.5:cce6ba91b3, Aug 24 2023, 10:50:31) [Clang 13.0.0 (clang-1300.0.29.30)], pyOpenSSL 24.1.0 (OpenSSL 3.2.1 30 Jan 2024), cryptography 42.0.7, Platform macOS-14.4.1-arm64-arm-64bit
INFO:scrapy.addons:Enabled addons:
[]
DEBUG:asyncio:Using selector: KqueueSelector
DEBUG:scrapy.utils.log:Using reactor: twisted.internet.asyncioreactor.AsyncioSelectorReactor
DEBUG:scrapy.utils.log:Using asyncio event loop: asyncio.unix_events._UnixSelectorEventLoop
INFO:scrapy.extensions.telnet:Telnet Password: 67cf02b58b2afe67
INFO:scrapy.middleware:Enabled extensions:
['scrapy.extensions.corestats.CoreStats',
 'scrapy.extensions.telnet.TelnetConsole',
 'scrapy.extensions.memusage.MemoryUsage',
 'scrapy.extensions.feedexport.FeedExporter',
 'scrapy.extensions.logstats.LogStats']
INFO:scrapy.crawler:Overridden settings:
{'BOT_NAME': 'scrape_cook_books_dot_com',
 'CONCURRENT_REQUESTS': 32,
 'CONCURRENT_REQUESTS_PER_DOMAIN': 32,
 'FEED_EXPORT_ENCODING': 'utf-8',
 'NEWSPIDER_MODULE': 'scrape_cook_books_dot_com.spiders',
 'REQUEST_FINGERPRINTER_IMPLEMENTATION': '2.7',
 'ROBOTSTXT_OBEY': True,
 'SPIDER_MODULES': ['scrape_cook_books_dot_com.spiders'],
 'TWISTED_REACTOR': 'twisted.internet.asyncioreactor.AsyncioSelectorReactor'}
INFO:scrapy.middleware:Enabled downloader middlewares:
['scrapy.downloadermiddlewares.robotstxt.RobotsTxtMiddleware',
 'scrapy.downloadermiddlewares.httpauth.HttpAuthMiddleware',
 'scrapy.downloadermiddlewares.downloadtimeout.DownloadTimeoutMiddleware',
 'scrapy.downloadermiddlewares.defaultheaders.DefaultHeadersMiddleware',
 'scrapy.downloadermiddlewares.useragent.UserAgentMiddleware',
 'scrapy.downloadermiddlewares.retry.RetryMiddleware',
 'scrapy.downloadermiddlewares.redirect.MetaRefreshMiddleware',
 'scrapy.downloadermiddlewares.httpcompression.HttpCompressionMiddleware',
 'scrapy.downloadermiddlewares.redirect.RedirectMiddleware',
 'scrapy.downloadermiddlewares.cookies.CookiesMiddleware',
 'scrapy.downloadermiddlewares.httpproxy.HttpProxyMiddleware',
 'scrapy.downloadermiddlewares.stats.DownloaderStats']
INFO:scrapy.middleware:Enabled spider middlewares:
['scrapy.spidermiddlewares.httperror.HttpErrorMiddleware',
 'scrapy.spidermiddlewares.offsite.OffsiteMiddleware',
 'scrapy.spidermiddlewares.referer.RefererMiddleware',
 'scrapy.spidermiddlewares.urllength.UrlLengthMiddleware',
 'scrapy.spidermiddlewares.depth.DepthMiddleware']
INFO:scrapy.middleware:Enabled item pipelines:
[]
INFO:scrapy.core.engine:Spider opened
INFO:scrapy.extensions.logstats:Crawled 0 pages (at 0 pages/min), scraped 0 items (at 0 items/min)
INFO:scrapy.extensions.telnet:Telnet console listening on 127.0.0.1:6024
DEBUG:scrapy.core.engine:Crawled (404) <GET https://cookbooks.com/robots.txt> (referer: None)
DEBUG:protego:Rule at line 1 without any user agent to enforce it on.
DEBUG:protego:Rule at line 2 without any user agent to enforce it on.
DEBUG:protego:Rule at line 8 without any user agent to enforce it on.
DEBUG:protego:Rule at line 9 without any user agent to enforce it on.
DEBUG:protego:Rule at line 10 without any user agent to enforce it on.
DEBUG:protego:Rule at line 11 without any user agent to enforce it on.
DEBUG:protego:Rule at line 12 without any user agent to enforce it on.
DEBUG:scrapy.core.engine:Crawled (200) <GET https://cookbooks.com/Recipe-Details.aspx?id=3> (referer: None)
DEBUG:scrapy.core.engine:Crawled (200) <GET https://cookbooks.com/Recipe-Details.aspx?id=4> (referer: None)
WARNING:scrape_cook_books_dot_com.spiders.scrapecookbooksdotcom:No recipe for page found: https://cookbooks.com/Recipe-Details.aspx?id=4
DEBUG:scrapy.core.scraper:Scraped from <200 https://cookbooks.com/Recipe-Details.aspx?id=3>
{'directions': 'Melt baking chocolate and let stand to cool.  Beat eggs until '
               'very light.  Cream butter.  Gradually add sugar to the butter, '
               'beating until light and fluffy.  Sift flour and salt together; '
               'set aside.  Add the cooled chocolate and the eggs to the '
               'creamed mixture.  Mix well.  Alternately add flour mixture and '
               'milk (to which the vanilla has been added).  Stir in nuts.  '
               'Pour into a greased 9-inch pie pan.  Bake at 375° for 45 to 50 '
               'minutes.  Serve with ice cream, if desired.',
 'ingredients': '3  sq. baking chocolate3  eggs1/3  c. butter or margarine1 '
                '1/2  c. granulated sugar3/4  c. all-purpose flour, sifted1/2  '
                'tsp. salt1/3  c. milk1  tsp. vanilla1  c. chopped nuts',
 'star_rating': 3,
 'title': 'CHOCOLATE BROWNIE PIE',
 'total_votes': 916,
 'url': 'https://cookbooks.com/Recipe-Details.aspx?id=3'}
DEBUG:scrapy.core.engine:Crawled (200) <GET https://cookbooks.com/Recipe-Details.aspx?id=2> (referer: None)
WARNING:scrape_cook_books_dot_com.spiders.scrapecookbooksdotcom:No recipe for page found: https://cookbooks.com/Recipe-Details.aspx?id=2
DEBUG:scrapy.core.engine:Crawled (200) <GET https://cookbooks.com/Recipe-Details.aspx?id=1> (referer: None)
DEBUG:scrapy.core.scraper:Scraped from <200 https://cookbooks.com/Recipe-Details.aspx?id=1>
{'directions': 'Combine crumbs, nuts, 3 tablespoons granulated sugar and '
               'margarine.  Press onto bottom of 9-inch spring-form pan.  Bake '
               'at 325° for 10 minutes.  Combine cream cheese and brown sugar, '
               'mixing at medium speed with electric mixer until well '
               'blended.  Add eggs, one at a time, mixing well after each.  '
               'Blend in chocolate, milk, and vanilla extract; pour over '
               'crust.  Bake at 325° for 35 minutes. Combine sour cream and 2 '
               'tablespoons granulated sugar; carefully spread over '
               'cheesecake.  Bake at 425° for 10 minutes.  Loosen cake from '
               'rim of pan.  Cool before removing rim of pan.  Chill.  Garnish '
               'with mint candies.',
 'ingredients': '1  c. vanilla wafer crumbs1/2  c. chopped pecans3  Tbsp. '
                'granulated sugar1/2  c. Parkay margarine2 (8 oz.)  pkg. '
                'Philadelphia cream cheese, softened1/2  c. packed brown '
                'sugar2  eggs16  oz. pkg. semi-sweet chocolate pieces2  Tbsp. '
                'milk1  tsp. vanilla extract2  c. sour cream2  Tbsp. '
                'granulated sugar  mint candies (garnish)',
 'star_rating': 3,
 'title': 'CHOCOLATE VELVET CHEESECAKE',
 'total_votes': 1094,
 'url': 'https://cookbooks.com/Recipe-Details.aspx?id=1'}
DEBUG:scrapy.core.engine:Crawled (200) <GET https://cookbooks.com/Recipe-Details.aspx?id=5> (referer: None)
DEBUG:scrapy.core.scraper:Scraped from <200 https://cookbooks.com/Recipe-Details.aspx?id=5>
{'directions': 'Melt chocolate and butter together in top of double boiler '
               'over simmering hot water, stirring until smooth.  Add sugar '
               'and milk. Continue stirring over water until well blended.  '
               'Dissolve cornstarch in 2 tablespoons water.  Beat in egg yolks '
               'and vanilla.',
 'ingredients': '6  oz. semi-sweet chocolate chips4  Tbsp. butter1/2  c. '
                'sugar2  c. milk2  Tbsp. cornstarch3  eggs, separated2  tsp. '
                'vanilla flavoring1  (9-inch) pie crust, baked  dash of cream '
                'of tartar1/4  c. sugar',
 'star_rating': 3,
 'title': 'CHOCOLATE PIE',
 'total_votes': 1105,
 'url': 'https://cookbooks.com/Recipe-Details.aspx?id=5'}
INFO:scrapy.core.engine:Closing spider (finished)
INFO:scrapy.extensions.feedexport:Stored csv feed (3 items) in: cookbooksdotcom
INFO:scrapy.statscollectors:Dumping Scrapy stats:
{'downloader/request_bytes': 1414,
 'downloader/request_count': 6,
 'downloader/request_method_count/GET': 6,
 'downloader/response_bytes': 347477,
 'downloader/response_count': 6,
 'downloader/response_status_count/200': 5,
 'downloader/response_status_count/404': 1,
 'elapsed_time_seconds': 3.276391,
 'feedexport/success_count/FileFeedStorage': 1,
 'finish_reason': 'finished',
 'finish_time': datetime.datetime(2024, 5, 13, 10, 7, 28, 242648, tzinfo=datetime.timezone.utc),
 'item_scraped_count': 3,
 'log_count/DEBUG': 19,
 'log_count/INFO': 11,
 'log_count/WARNING': 2,
 'memusage/max': 69271552,
 'memusage/startup': 69271552,
 'response_received_count': 6,
 'robotstxt/request_count': 1,
 'robotstxt/response_count': 1,
 'robotstxt/response_status_count/404': 1,
 'scheduler/dequeued': 5,
 'scheduler/dequeued/memory': 5,
 'scheduler/enqueued': 5,
 'scheduler/enqueued/memory': 5,
 'start_time': datetime.datetime(2024, 5, 13, 10, 7, 24, 966257, tzinfo=datetime.timezone.utc)}
INFO:scrapy.core.engine:Spider closed (finished)
